INFO: [VRFC 10-2263] Analyzing SystemVerilog file "C:/Users/cam82/OneDrive/Documents/College/FA23ECE385/lab62/lab62a/lab62a.srcs/sources_1/imports/design_source/Color_Mapper.sv" into library xil_defaultlib
INFO: [VRFC 10-311] analyzing module color_mapper
INFO: [VRFC 10-2263] Analyzing SystemVerilog file "C:/Users/cam82/OneDrive/Documents/College/FA23ECE385/lab62/lab62a/lab62a.srcs/sources_1/imports/design_source/VGA_controller.sv" into library xil_defaultlib
INFO: [VRFC 10-311] analyzing module vga_controller
INFO: [VRFC 10-2263] Analyzing SystemVerilog file "C:/Users/cam82/OneDrive/Documents/College/FA23ECE385/lab62/lab62a/lab62a.srcs/sources_1/imports/design_source/ball.sv" into library xil_defaultlib
INFO: [VRFC 10-311] analyzing module ball
INFO: [VRFC 10-2263] Analyzing SystemVerilog file "C:/Users/cam82/OneDrive/Documents/College/FA23ECE385/lab62/lab62a/lab62a.srcs/sources_1/new/blue_circle.sv" into library xil_defaultlib
INFO: [VRFC 10-311] analyzing module blue_circle
INFO: [VRFC 10-2263] Analyzing SystemVerilog file "C:/Users/cam82/OneDrive/Documents/College/FA23ECE385/lab62/lab62a/lab62a.srcs/sources_1/new/font_rom.sv" into library xil_defaultlib
INFO: [VRFC 10-311] analyzing module font_rom
INFO: [VRFC 10-2263] Analyzing SystemVerilog file "C:/Users/cam82/OneDrive/Documents/College/FA23ECE385/lab62/lab62a/lab62a.srcs/sources_1/new/game_logic.sv" into library xil_defaultlib
INFO: [VRFC 10-311] analyzing module game_logic
INFO: [VRFC 10-2263] Analyzing SystemVerilog file "C:/Users/cam82/OneDrive/Documents/College/FA23ECE385/lab62/lab62a/lab62a.srcs/sources_1/imports/design_source/hex.sv" into library xil_defaultlib
INFO: [VRFC 10-311] analyzing module HexDriver
INFO: [VRFC 10-311] analyzing module nibble_to_hex
INFO: [VRFC 10-2263] Analyzing SystemVerilog file "C:/Users/cam82/OneDrive/Documents/College/FA23ECE385/lab62/lab62a/lab62a.srcs/sources_1/imports/design_source/mb_usb_hdmi_top.sv" into library xil_defaultlib
INFO: [VRFC 10-311] analyzing module mb_usb_hdmi_top
INFO: [VRFC 10-2263] Analyzing SystemVerilog file "C:/Users/cam82/OneDrive/Documents/College/FA23ECE385/lab62/lab62a/lab62a.srcs/sources_1/new/state_machine.sv" into library xil_defaultlib
INFO: [VRFC 10-311] analyzing module state_machine
INFO: [VRFC 10-2263] Analyzing SystemVerilog file "C:/Users/cam82/OneDrive/Documents/College/FA23ECE385/lab62/lab62a/lab62a.srcs/sources_1/new/text_display.sv" into library xil_defaultlib
INFO: [VRFC 10-311] analyzing module text_display
INFO: [VRFC 10-2263] Analyzing SystemVerilog file "C:/Users/cam82/OneDrive/Documents/College/FA23ECE385/lab62/lab62a/lab62a.srcs/sim_1/new/testbench.sv" into library xil_defaultlib
INFO: [VRFC 10-311] analyzing module testbench
